# JRE version: OpenJDK Runtime Environment (21.0.1+12) (build 21.0.1+12-29)
# Java VM: OpenJDK 64-Bit Server VM (21.0.1+12-29, mixed mode, sharing, tiered, compressed oops, compressed class ptrs, g1 gc, windows-amd64)
GC Precious Log:
 CardTable entry size: 512
 Card Set container configuration: InlinePtr #cards 4 size 8 Array Of Cards #cards 16 size 48 Howl #buckets 8 coarsen threshold 3686 Howl Bitmap #cards 512 size 80 coarsen threshold 460 Card regions per heap region 1 cards per card region 4096
 CPUs: 6 total, 6 available
 Memory: 16296M
 Large Page Support: Disabled
 NUMA Support: Disabled
 Compressed Oops: Enabled (Zero based)
 Heap Region Size: 2M
 Heap Min Capacity: 8M
 Heap Initial Capacity: 256M
 Heap Max Capacity: 4076M
 Pre-touch: Disabled
 Parallel Workers: 6
 Concurrent Workers: 2
 Concurrent Refinement Workers: 6
 Periodic GC: Disabled
Heap:
 garbage-first heap   total 102400K, used 84100K [0x0000000701400000, 0x0000000800000000)
  region size 2048K, 30 young (61440K), 1 survivors (2048K)
 Metaspace       used 69637K, committed 70336K, reserved 1114112K
  class space    used 8988K, committed 9408K, reserved 1048576K
GC Heap History (20 events):
Event: 4846.724 GC heap before
{Heap before GC invocations=33 (full 0):
 garbage-first heap   total 61440K, used 53683K [0x0000000701400000, 0x0000000800000000)
  region size 2048K, 14 young (28672K), 1 survivors (2048K)
 Metaspace       used 69504K, committed 70272K, reserved 1114112K
  class space    used 8987K, committed 9408K, reserved 1048576K
}
Event: 4846.728 GC heap after
{Heap after GC invocations=34 (full 0):
 garbage-first heap   total 61440K, used 27180K [0x0000000701400000, 0x0000000800000000)
  region size 2048K, 1 young (2048K), 1 survivors (2048K)
 Metaspace       used 69504K, committed 70272K, reserved 1114112K
  class space    used 8987K, committed 9408K, reserved 1048576K
}
Event: 4847.382 GC heap before
{Heap before GC invocations=35 (full 0):
 garbage-first heap   total 61440K, used 51756K [0x0000000701400000, 0x0000000800000000)
  region size 2048K, 14 young (28672K), 1 survivors (2048K)
 Metaspace       used 69573K, committed 70272K, reserved 1114112K
  class space    used 8987K, committed 9408K, reserved 1048576K
}
Event: 4847.385 GC heap after
{Heap after GC invocations=36 (full 0):
 garbage-first heap   total 61440K, used 27140K [0x0000000701400000, 0x0000000800000000)
  region size 2048K, 1 young (2048K), 1 survivors (2048K)
 Metaspace       used 69573K, committed 70272K, reserved 1114112K
  class space    used 8987K, committed 9408K, reserved 1048576K
}
Event: 4847.962 GC heap before
{Heap before GC invocations=36 (full 0):
 garbage-first heap   total 61440K, used 51716K [0x0000000701400000, 0x0000000800000000)
  region size 2048K, 14 young (28672K), 1 survivors (2048K)
 Metaspace       used 69606K, committed 70336K, reserved 1114112K
  class space    used 8987K, committed 9408K, reserved 1048576K
}
Event: 4847.967 GC heap after
{Heap after GC invocations=37 (full 0):
 garbage-first heap   total 161792K, used 26700K [0x0000000701400000, 0x0000000800000000)
  region size 2048K, 1 young (2048K), 1 survivors (2048K)
 Metaspace       used 69606K, committed 70336K, reserved 1114112K
  class space    used 8987K, committed 9408K, reserved 1048576K
}
Event: 4851.016 GC heap before
{Heap before GC invocations=37 (full 0):
 garbage-first heap   total 161792K, used 120908K [0x0000000701400000, 0x0000000800000000)
  region size 2048K, 47 young (96256K), 1 survivors (2048K)
 Metaspace       used 69633K, committed 70336K, reserved 1114112K
  class space    used 8987K, committed 9408K, reserved 1048576K
}
Event: 4851.021 GC heap after
{Heap after GC invocations=38 (full 0):
 garbage-first heap   total 161792K, used 26817K [0x0000000701400000, 0x0000000800000000)
  region size 2048K, 1 young (2048K), 1 survivors (2048K)
 Metaspace       used 69633K, committed 70336K, reserved 1114112K
  class space    used 8987K, committed 9408K, reserved 1048576K
}
Event: 4853.577 GC heap before
{Heap before GC invocations=39 (full 0):
 garbage-first heap   total 102400K, used 86209K [0x0000000701400000, 0x0000000800000000)
  region size 2048K, 30 young (61440K), 1 survivors (2048K)
 Metaspace       used 69634K, committed 70336K, reserved 1114112K
  class space    used 8987K, committed 9408K, reserved 1048576K
}
Event: 4853.581 GC heap after
{Heap after GC invocations=40 (full 0):
 garbage-first heap   total 102400K, used 26883K [0x0000000701400000, 0x0000000800000000)
  region size 2048K, 1 young (2048K), 1 survivors (2048K)
 Metaspace       used 69634K, committed 70336K, reserved 1114112K
  class space    used 8987K, committed 9408K, reserved 1048576K
}
Event: 4855.350 GC heap before
{Heap before GC invocations=40 (full 0):
 garbage-first heap   total 102400K, used 86275K [0x0000000701400000, 0x0000000800000000)
  region size 2048K, 30 young (61440K), 1 survivors (2048K)
 Metaspace       used 69634K, committed 70336K, reserved 1114112K
  class space    used 8987K, committed 9408K, reserved 1048576K
}
Event: 4855.352 GC heap after
{Heap after GC invocations=41 (full 0):
 garbage-first heap   total 102400K, used 26637K [0x0000000701400000, 0x0000000800000000)
  region size 2048K, 1 young (2048K), 1 survivors (2048K)
 Metaspace       used 69634K, committed 70336K, reserved 1114112K
  class space    used 8987K, committed 9408K, reserved 1048576K
}
Event: 4856.807 GC heap before
{Heap before GC invocations=41 (full 0):
 garbage-first heap   total 102400K, used 86029K [0x0000000701400000, 0x0000000800000000)
  region size 2048K, 30 young (61440K), 1 survivors (2048K)
 Metaspace       used 69634K, committed 70336K, reserved 1114112K
  class space    used 8987K, committed 9408K, reserved 1048576K
}
Event: 4856.810 GC heap after
{Heap after GC invocations=42 (full 0):
 garbage-first heap   total 102400K, used 26829K [0x0000000701400000, 0x0000000800000000)
  region size 2048K, 1 young (2048K), 1 survivors (2048K)
 Metaspace       used 69634K, committed 70336K, reserved 1114112K
  class space    used 8987K, committed 9408K, reserved 1048576K
}
Event: 4858.209 GC heap before
{Heap before GC invocations=43 (full 0):
 garbage-first heap   total 102400K, used 84173K [0x0000000701400000, 0x0000000800000000)
  region size 2048K, 30 young (61440K), 1 survivors (2048K)
 Metaspace       used 69634K, committed 70336K, reserved 1114112K
  class space    used 8987K, committed 9408K, reserved 1048576K
}
Event: 4858.213 GC heap after
{Heap after GC invocations=44 (full 0):
 garbage-first heap   total 102400K, used 26745K [0x0000000701400000, 0x0000000800000000)
  region size 2048K, 1 young (2048K), 1 survivors (2048K)
 Metaspace       used 69634K, committed 70336K, reserved 1114112K
  class space    used 8987K, committed 9408K, reserved 1048576K
}
Event: 4859.925 GC heap before
{Heap before GC invocations=44 (full 0):
 garbage-first heap   total 102400K, used 84089K [0x0000000701400000, 0x0000000800000000)
  region size 2048K, 30 young (61440K), 1 survivors (2048K)
 Metaspace       used 69634K, committed 70336K, reserved 1114112K
  class space    used 8987K, committed 9408K, reserved 1048576K
}
Event: 4859.927 GC heap after
{Heap after GC invocations=45 (full 0):
 garbage-first heap   total 102400K, used 26623K [0x0000000701400000, 0x0000000800000000)
  region size 2048K, 1 young (2048K), 1 survivors (2048K)
 Metaspace       used 69634K, committed 70336K, reserved 1114112K
  class space    used 8987K, committed 9408K, reserved 1048576K
}
Event: 4861.996 GC heap before
{Heap before GC invocations=45 (full 0):
 garbage-first heap   total 102400K, used 83967K [0x0000000701400000, 0x0000000800000000)
  region size 2048K, 30 young (61440K), 1 survivors (2048K)
 Metaspace       used 69634K, committed 70336K, reserved 1114112K
  class space    used 8987K, committed 9408K, reserved 1048576K
}
Event: 4861.998 GC heap after
{Heap after GC invocations=46 (full 0):
 garbage-first heap   total 102400K, used 26756K [0x0000000701400000, 0x0000000800000000)
  region size 2048K, 1 young (2048K), 1 survivors (2048K)
 Metaspace       used 69634K, committed 70336K, reserved 1114112K
  class space    used 8987K, committed 9408K, reserved 1048576K
}

